<?xml version="1.0" encoding="UTF-8"?>
<testsuite xmlns:xsi="http://www.w3.org/2001/XMLSchema-instance" xsi:noNamespaceSchemaLocation="https://maven.apache.org/surefire/maven-surefire-plugin/xsd/surefire-test-report-3.0.xsd" version="3.0" name="TestSuite" time="49.817" tests="22" errors="0" skipped="0" failures="3">
  <properties>
    <property name="sun.desktop" value="windows"/>
    <property name="awt.toolkit" value="sun.awt.windows.WToolkit"/>
    <property name="java.specification.version" value="11"/>
    <property name="sun.cpu.isalist" value="amd64"/>
    <property name="sun.jnu.encoding" value="Cp1251"/>
    <property name="java.class.path" value="C:\Users\sesko\OneDrive\Desktop\final-pro\Rest Assured Testing - WeAre Project\target\test-classes;C:\Users\sesko\OneDrive\Desktop\final-pro\Rest Assured Testing - WeAre Project\target\classes;C:\Users\sesko\.m2\repository\io\rest-assured\rest-assured\5.3.1\rest-assured-5.3.1.jar;C:\Users\sesko\.m2\repository\org\apache\groovy\groovy\4.0.11\groovy-4.0.11.jar;C:\Users\sesko\.m2\repository\org\apache\groovy\groovy-xml\4.0.11\groovy-xml-4.0.11.jar;C:\Users\sesko\.m2\repository\org\apache\httpcomponents\httpclient\4.5.13\httpclient-4.5.13.jar;C:\Users\sesko\.m2\repository\org\apache\httpcomponents\httpcore\4.4.13\httpcore-4.4.13.jar;C:\Users\sesko\.m2\repository\commons-logging\commons-logging\1.2\commons-logging-1.2.jar;C:\Users\sesko\.m2\repository\commons-codec\commons-codec\1.11\commons-codec-1.11.jar;C:\Users\sesko\.m2\repository\org\apache\httpcomponents\httpmime\4.5.13\httpmime-4.5.13.jar;C:\Users\sesko\.m2\repository\org\hamcrest\hamcrest\2.2\hamcrest-2.2.jar;C:\Users\sesko\.m2\repository\org\ccil\cowan\tagsoup\tagsoup\1.2.1\tagsoup-1.2.1.jar;C:\Users\sesko\.m2\repository\io\rest-assured\json-path\5.3.1\json-path-5.3.1.jar;C:\Users\sesko\.m2\repository\org\apache\groovy\groovy-json\4.0.11\groovy-json-4.0.11.jar;C:\Users\sesko\.m2\repository\io\rest-assured\rest-assured-common\5.3.1\rest-assured-common-5.3.1.jar;C:\Users\sesko\.m2\repository\io\rest-assured\xml-path\5.3.1\xml-path-5.3.1.jar;C:\Users\sesko\.m2\repository\org\testng\testng\7.8.0\testng-7.8.0.jar;C:\Users\sesko\.m2\repository\org\slf4j\slf4j-api\1.7.36\slf4j-api-1.7.36.jar;C:\Users\sesko\.m2\repository\com\beust\jcommander\1.82\jcommander-1.82.jar;C:\Users\sesko\.m2\repository\org\webjars\jquery\3.6.1\jquery-3.6.1.jar;C:\Users\sesko\.m2\repository\com\github\javafaker\javafaker\1.0.2\javafaker-1.0.2.jar;C:\Users\sesko\.m2\repository\org\apache\commons\commons-lang3\3.5\commons-lang3-3.5.jar;C:\Users\sesko\.m2\repository\org\yaml\snakeyaml\1.23\snakeyaml-1.23-android.jar;C:\Users\sesko\.m2\repository\com\github\mifmif\generex\1.0.2\generex-1.0.2.jar;C:\Users\sesko\.m2\repository\dk\brics\automaton\automaton\1.11-8\automaton-1.11-8.jar;C:\Users\sesko\.m2\repository\com\fasterxml\jackson\core\jackson-databind\2.15.2\jackson-databind-2.15.2.jar;C:\Users\sesko\.m2\repository\com\fasterxml\jackson\core\jackson-annotations\2.15.2\jackson-annotations-2.15.2.jar;C:\Users\sesko\.m2\repository\com\fasterxml\jackson\core\jackson-core\2.15.2\jackson-core-2.15.2.jar;C:\Users\sesko\.m2\repository\io\qameta\allure\allure-testng\2.24.0\allure-testng-2.24.0.jar;C:\Users\sesko\.m2\repository\io\qameta\allure\allure-java-commons\2.24.0\allure-java-commons-2.24.0.jar;C:\Users\sesko\.m2\repository\io\qameta\allure\allure-model\2.24.0\allure-model-2.24.0.jar;C:\Users\sesko\.m2\repository\io\qameta\allure\allure-test-filter\2.24.0\allure-test-filter-2.24.0.jar;"/>
    <property name="java.vm.vendor" value="Oracle Corporation"/>
    <property name="sun.arch.data.model" value="64"/>
    <property name="user.variant" value=""/>
    <property name="java.vendor.url" value="https://openjdk.java.net/"/>
    <property name="user.timezone" value="Europe/Helsinki"/>
    <property name="user.country.format" value="BG"/>
    <property name="java.vm.specification.version" value="11"/>
    <property name="os.name" value="Windows 10"/>
    <property name="sun.java.launcher" value="SUN_STANDARD"/>
    <property name="user.country" value="US"/>
    <property name="sun.boot.library.path" value="C:\Program Files\Java\jdk-11\bin"/>
    <property name="sun.java.command" value="C:\Users\sesko\AppData\Local\Temp\surefire14023645669022161761\surefirebooter-20231019191459345_3.jar C:\Users\sesko\AppData\Local\Temp\surefire14023645669022161761 2023-10-19T19-14-59_014-jvmRun1 surefire-20231019191459345_1tmp surefire_0-20231019191459345_2tmp"/>
    <property name="jdk.debug" value="release"/>
    <property name="surefire.test.class.path" value="C:\Users\sesko\OneDrive\Desktop\final-pro\Rest Assured Testing - WeAre Project\target\test-classes;C:\Users\sesko\OneDrive\Desktop\final-pro\Rest Assured Testing - WeAre Project\target\classes;C:\Users\sesko\.m2\repository\io\rest-assured\rest-assured\5.3.1\rest-assured-5.3.1.jar;C:\Users\sesko\.m2\repository\org\apache\groovy\groovy\4.0.11\groovy-4.0.11.jar;C:\Users\sesko\.m2\repository\org\apache\groovy\groovy-xml\4.0.11\groovy-xml-4.0.11.jar;C:\Users\sesko\.m2\repository\org\apache\httpcomponents\httpclient\4.5.13\httpclient-4.5.13.jar;C:\Users\sesko\.m2\repository\org\apache\httpcomponents\httpcore\4.4.13\httpcore-4.4.13.jar;C:\Users\sesko\.m2\repository\commons-logging\commons-logging\1.2\commons-logging-1.2.jar;C:\Users\sesko\.m2\repository\commons-codec\commons-codec\1.11\commons-codec-1.11.jar;C:\Users\sesko\.m2\repository\org\apache\httpcomponents\httpmime\4.5.13\httpmime-4.5.13.jar;C:\Users\sesko\.m2\repository\org\hamcrest\hamcrest\2.2\hamcrest-2.2.jar;C:\Users\sesko\.m2\repository\org\ccil\cowan\tagsoup\tagsoup\1.2.1\tagsoup-1.2.1.jar;C:\Users\sesko\.m2\repository\io\rest-assured\json-path\5.3.1\json-path-5.3.1.jar;C:\Users\sesko\.m2\repository\org\apache\groovy\groovy-json\4.0.11\groovy-json-4.0.11.jar;C:\Users\sesko\.m2\repository\io\rest-assured\rest-assured-common\5.3.1\rest-assured-common-5.3.1.jar;C:\Users\sesko\.m2\repository\io\rest-assured\xml-path\5.3.1\xml-path-5.3.1.jar;C:\Users\sesko\.m2\repository\org\testng\testng\7.8.0\testng-7.8.0.jar;C:\Users\sesko\.m2\repository\org\slf4j\slf4j-api\1.7.36\slf4j-api-1.7.36.jar;C:\Users\sesko\.m2\repository\com\beust\jcommander\1.82\jcommander-1.82.jar;C:\Users\sesko\.m2\repository\org\webjars\jquery\3.6.1\jquery-3.6.1.jar;C:\Users\sesko\.m2\repository\com\github\javafaker\javafaker\1.0.2\javafaker-1.0.2.jar;C:\Users\sesko\.m2\repository\org\apache\commons\commons-lang3\3.5\commons-lang3-3.5.jar;C:\Users\sesko\.m2\repository\org\yaml\snakeyaml\1.23\snakeyaml-1.23-android.jar;C:\Users\sesko\.m2\repository\com\github\mifmif\generex\1.0.2\generex-1.0.2.jar;C:\Users\sesko\.m2\repository\dk\brics\automaton\automaton\1.11-8\automaton-1.11-8.jar;C:\Users\sesko\.m2\repository\com\fasterxml\jackson\core\jackson-databind\2.15.2\jackson-databind-2.15.2.jar;C:\Users\sesko\.m2\repository\com\fasterxml\jackson\core\jackson-annotations\2.15.2\jackson-annotations-2.15.2.jar;C:\Users\sesko\.m2\repository\com\fasterxml\jackson\core\jackson-core\2.15.2\jackson-core-2.15.2.jar;C:\Users\sesko\.m2\repository\io\qameta\allure\allure-testng\2.24.0\allure-testng-2.24.0.jar;C:\Users\sesko\.m2\repository\io\qameta\allure\allure-java-commons\2.24.0\allure-java-commons-2.24.0.jar;C:\Users\sesko\.m2\repository\io\qameta\allure\allure-model\2.24.0\allure-model-2.24.0.jar;C:\Users\sesko\.m2\repository\io\qameta\allure\allure-test-filter\2.24.0\allure-test-filter-2.24.0.jar;"/>
    <property name="sun.cpu.endian" value="little"/>
    <property name="user.home" value="C:\Users\sesko"/>
    <property name="user.language" value="en"/>
    <property name="java.specification.vendor" value="Oracle Corporation"/>
    <property name="java.version.date" value="2023-04-18"/>
    <property name="java.home" value="C:\Program Files\Java\jdk-11"/>
    <property name="file.separator" value="\"/>
    <property name="basedir" value="C:\Users\sesko\OneDrive\Desktop\final-pro\Rest Assured Testing - WeAre Project"/>
    <property name="java.vm.compressedOopsMode" value="32-bit"/>
    <property name="line.separator" value="&#10;"/>
    <property name="java.specification.name" value="Java Platform API Specification"/>
    <property name="java.vm.specification.vendor" value="Oracle Corporation"/>
    <property name="java.awt.graphicsenv" value="sun.awt.Win32GraphicsEnvironment"/>
    <property name="surefire.real.class.path" value="C:\Users\sesko\AppData\Local\Temp\surefire14023645669022161761\surefirebooter-20231019191459345_3.jar"/>
    <property name="user.script" value=""/>
    <property name="sun.management.compiler" value="HotSpot 64-Bit Tiered Compilers"/>
    <property name="java.runtime.version" value="11.0.19+9-LTS-224"/>
    <property name="user.name" value="sesko"/>
    <property name="path.separator" value=";"/>
    <property name="os.version" value="10.0"/>
    <property name="java.runtime.name" value="Java(TM) SE Runtime Environment"/>
    <property name="file.encoding" value="Cp1251"/>
    <property name="java.vm.name" value="Java HotSpot(TM) 64-Bit Server VM"/>
    <property name="java.vendor.version" value="18.9"/>
    <property name="localRepository" value="C:\Users\sesko\.m2\repository"/>
    <property name="java.vendor.url.bug" value="https://bugreport.java.com/bugreport/"/>
    <property name="java.io.tmpdir" value="C:\Users\sesko\AppData\Local\Temp\"/>
    <property name="java.version" value="11.0.19"/>
    <property name="user.dir" value="C:\Users\sesko\OneDrive\Desktop\final-pro\Rest Assured Testing - WeAre Project"/>
    <property name="os.arch" value="amd64"/>
    <property name="java.vm.specification.name" value="Java Virtual Machine Specification"/>
    <property name="java.awt.printerjob" value="sun.awt.windows.WPrinterJob"/>
    <property name="user.language.format" value="bg"/>
    <property name="sun.os.patch.level" value=""/>
    <property name="java.library.path" value="C:\Program Files\Java\jdk-11\bin;C:\Windows\Sun\Java\bin;C:\Windows\system32;C:\Windows;C:\Program Files\Common Files\Oracle\Java\javapath;C:\Windows\system32;C:\Windows;C:\Windows\System32\Wbem;C:\Windows\System32\WindowsPowerShell\v1.0\;C:\Windows\System32\OpenSSH\;%MAVEN%\bin;C:\Program Files\nodejs\;C:\Program Files\Git\cmd;C:\Program Files (x86)\NVIDIA Corporation\PhysX\Common;C:\Program Files\NVIDIA Corporation\NVIDIA NvDLISR;C:\Program Files\Docker\Docker\resources\bin;C:\Users\sesko\OneDrive\Desktop\apache-maven-3.9.5-bin\apache-maven-3.9.5\bin;C:\Users\sesko\OneDrive\Desktop\allure-2.24.1\allure-2.24.1\bin;C:\Users\sesko\AppData\Local\Microsoft\WindowsApps;C:\Users\sesko\AppData\Roaming\npm;C:\Users\sesko\AppData\Local\Programs\Microsoft VS Code\bin;C:\Program Files\JetBrains\IntelliJ IDEA 2023.1.3\bin;;."/>
    <property name="java.vendor" value="Oracle Corporation"/>
    <property name="java.vm.info" value="mixed mode"/>
    <property name="java.vm.version" value="11.0.19+9-LTS-224"/>
    <property name="sun.io.unicode.encoding" value="UnicodeLittle"/>
    <property name="java.class.version" value="55.0"/>
  </properties>
  <testcase name="createComment_Successful" classname="weare.api.testing.comment.CreateCommentTest" time="1.023">
    <system-out><![CDATA[User with name MbXGvE and id 93 was created
The response is 200
Registered successfully!
Username: MbXGvE
ID: 93
Successfully created a new user with Id 93
Successfully created a new post with Id 86
The response is 200
Successfully created a new comment with Id 100. All properties are not null.
]]></system-out>
    <system-err><![CDATA[SLF4J: Failed to load class "org.slf4j.impl.StaticLoggerBinder".
SLF4J: Defaulting to no-operation (NOP) logger implementation
SLF4J: See http://www.slf4j.org/codes.html#StaticLoggerBinder for further details.
]]></system-err>
  </testcase>
  <testcase name="deleteComment_Successful" classname="weare.api.testing.comment.DeleteCommentTest" time="1.586">
    <system-out><![CDATA[Successfully delete a post with Id 86
Successfully created a new post with Id  87
The response is 200
Successfully created a new post with Id  101
The response is 200
Successfully deleted comment with Id 100 successfully.
]]></system-out>
  </testcase>
  <testcase name="editComment_Successful" classname="weare.api.testing.comment.EditCommentTest" time="1.245">
    <system-out><![CDATA[io.restassured.internal.RestAssuredResponseImpl@1d6751e3
The response is 200
Successfully created a new comment with Id  102
The response is 200
Successfully edited comment with Id 100 successfully.
{"commentId":102,"content":"t9cg7y42g99dl7ia70m8in07l7iunsw6679nd","likes":[],"date":"19/10/2023 19:15:10","liked":false,"hibernateLazyInitializer":{}}
]]></system-out>
  </testcase>
  <testcase name="findAllComments_Successful" classname="weare.api.testing.comment.FindAllCommentsTest" time="0.219">
    <failure message="The array size is more than or equal to 1 expected [true] but found [false]" type="java.lang.AssertionError"><![CDATA[java.lang.AssertionError: The array size is more than or equal to 1 expected [true] but found [false]
	at org.testng.Assert.fail(Assert.java:111)
	at org.testng.Assert.failNotEquals(Assert.java:1578)
	at org.testng.Assert.assertTrue(Assert.java:57)
	at weare.api.testing.comment.FindAllCommentsTest.findAllComments_Successful(FindAllCommentsTest.java:33)
	at java.base/jdk.internal.reflect.NativeMethodAccessorImpl.invoke0(Native Method)
	at java.base/jdk.internal.reflect.NativeMethodAccessorImpl.invoke(NativeMethodAccessorImpl.java:62)
	at java.base/jdk.internal.reflect.DelegatingMethodAccessorImpl.invoke(DelegatingMethodAccessorImpl.java:43)
	at java.base/java.lang.reflect.Method.invoke(Method.java:566)
	at org.testng.internal.invokers.MethodInvocationHelper.invokeMethod(MethodInvocationHelper.java:139)
	at org.testng.internal.invokers.TestInvoker.invokeMethod(TestInvoker.java:664)
	at org.testng.internal.invokers.TestInvoker.invokeTestMethod(TestInvoker.java:227)
	at org.testng.internal.invokers.MethodRunner.runInSequence(MethodRunner.java:50)
	at org.testng.internal.invokers.TestInvoker$MethodInvocationAgent.invoke(TestInvoker.java:957)
	at org.testng.internal.invokers.TestInvoker.invokeTestMethods(TestInvoker.java:200)
	at org.testng.internal.invokers.TestMethodWorker.invokeTestMethods(TestMethodWorker.java:148)
	at org.testng.internal.invokers.TestMethodWorker.run(TestMethodWorker.java:128)
	at java.base/java.util.ArrayList.forEach(ArrayList.java:1541)
	at org.testng.TestRunner.privateRun(TestRunner.java:848)
	at org.testng.TestRunner.run(TestRunner.java:621)
	at org.testng.SuiteRunner.runTest(SuiteRunner.java:443)
	at org.testng.SuiteRunner.runSequentially(SuiteRunner.java:437)
	at org.testng.SuiteRunner.privateRun(SuiteRunner.java:397)
	at org.testng.SuiteRunner.run(SuiteRunner.java:336)
	at org.testng.SuiteRunnerWorker.runSuite(SuiteRunnerWorker.java:52)
	at org.testng.SuiteRunnerWorker.run(SuiteRunnerWorker.java:95)
	at org.testng.TestNG.runSuitesSequentially(TestNG.java:1280)
	at org.testng.TestNG.runSuitesLocally(TestNG.java:1200)
	at org.testng.TestNG.runSuites(TestNG.java:1114)
	at org.testng.TestNG.run(TestNG.java:1082)
	at org.apache.maven.surefire.testng.TestNGExecutor.run(TestNGExecutor.java:155)
	at org.apache.maven.surefire.testng.TestNGDirectoryTestSuite.executeMulti(TestNGDirectoryTestSuite.java:169)
	at org.apache.maven.surefire.testng.TestNGDirectoryTestSuite.execute(TestNGDirectoryTestSuite.java:88)
	at org.apache.maven.surefire.testng.TestNGProvider.invoke(TestNGProvider.java:137)
	at org.apache.maven.surefire.booter.ForkedBooter.runSuitesInProcess(ForkedBooter.java:385)
	at org.apache.maven.surefire.booter.ForkedBooter.execute(ForkedBooter.java:162)
	at org.apache.maven.surefire.booter.ForkedBooter.run(ForkedBooter.java:507)
	at org.apache.maven.surefire.booter.ForkedBooter.main(ForkedBooter.java:495)
]]></failure>
    <system-out><![CDATA[Successfully delete a post with Id  87
Successfully deleted comment with Id. 87
The response is 200
]]></system-out>
  </testcase>
  <testcase name="likeDislikeComment_Successful" classname="weare.api.testing.comment.LikeDislikeCommentTest" time="1.609">
    <system-out><![CDATA[Successfully created a new post with Id  88
The response is 200
Successfully created a new comment with Id 103
The response is 200
Comment with Id 103 Liked successfully.
Comment with Id 103 Disliked successfully.
]]></system-out>
  </testcase>
  <testcase name="approveRequest_successful" classname="weare.api.testing.connection.ApproveRequestTest" time="0.227">
    <system-out><![CDATA[Successfully delete a post with Id  88
Successfully deleted comment with Id. 88
User with name LQNOYUoRMhr and id 94 was created
The response is 200
Registered successfully!
Username: LQNOYUoRMhr
ID: 94
Successfully created a new user with Id  94
User with name pYcPuATk and id 95 was created
The response is 200
Registered successfully!
Username: pYcPuATk
ID: 95
Successfully created a new user with Id  95
The response is 200
The status code is: 405
]]></system-out>
  </testcase>
  <testcase name="getUserRequestTest" classname="weare.api.testing.connection.GetUserRequestsTests" time="0.485">
    <system-out><![CDATA[User with name bTrrpSdCzG and id 96 was created
The response is 200
Registered successfully!
Username: bTrrpSdCzG
ID: 96
Successfully created a new user with Id  96
User with name thxEqGKA and id 97 was created
The response is 200
Registered successfully!
Username: thxEqGKA
ID: 97
Successfully created a new user with Id  97
bTrrpSdCzG send friend request to thxEqGKA
The response is 200
]]></system-out>
  </testcase>
  <testcase name="sendRequest_successful" classname="weare.api.testing.connection.SendRequestTest" time="0.688">
    <system-out><![CDATA[User with name WUYEnyHY and id 98 was created
The response is 200
Registered successfully!
Username: WUYEnyHY
ID: 98
Successfully created a new user with Id  98
User with name yQmCmIF and id 99 was created
The response is 200
Registered successfully!
Username: yQmCmIF
ID: 99
Successfully created a new user with Id  99
The response is 200
WUYEnyHY send friend request to yQmCmIF
]]></system-out>
  </testcase>
  <testcase name="createPost_Successful" classname="weare.api.testing.post.CreatePostTest" time="0.978">
    <system-out><![CDATA[The response is 200
Successfully created a new post with Id 89. All properties are not null.
]]></system-out>
  </testcase>
  <testcase name="deletePost_Successful" classname="weare.api.testing.post.DeleteAPostTest" time="1.694">
    <system-out><![CDATA[The response is 200
dsds

Post with Id 90 Deleted successfully.
]]></system-out>
  </testcase>
  <testcase name="editPost_Successful" classname="weare.api.testing.post.EditPostTest" time="0.515">
    <system-out><![CDATA[The response is 200
Successfully created a new post with Id 91
The response is 200
Post with Id 91 edited successfully.
]]></system-out>
  </testcase>
  <testcase name="likeAndDislikePost_Successful" classname="weare.api.testing.post.LikeDislikeAPostTest" time="1.825">
    <system-out><![CDATA[The response is 200
Post with Id 91 Liked successfully.
The response is 200
Post with Id 91 Disliked successfully.
]]></system-out>
  </testcase>
  <testcase name="createSkill_Successful" classname="weare.api.testing.skill.CreateSkillTests" time="0.323">
    <system-out><![CDATA[{
    "skillId": 68,
    "skill": "Test Skill1697732134035",
    "category": {
        "id": 155,
        "name": "Window cleaner"
    }
}
The response is 200
]]></system-out>
  </testcase>
  <testcase name="deleteSkill_Successful" classname="weare.api.testing.skill.DeleteSkillTests" time="0.274">
    <system-out><![CDATA[
{
    "skillId": 69,
    "skill": "Test Skill1697732134649",
    "category": {
        "id": 155,
        "name": "Window cleaner"
    }
}

The response is 200
]]></system-out>
  </testcase>
  <testcase name="newlyCreatedSkill_returned_whenGetAllSkills" classname="weare.api.testing.skill.GetAllSkillsTests" time="0.228">
    <system-out><![CDATA[{
    "skillId": 70,
    "skill": "Test Skill1697732135198",
    "category": {
        "id": 155,
        "name": "Window cleaner"
    }
}
The response is 200
]]></system-out>
  </testcase>
  <testcase name="getOneSkillById_Successful" classname="weare.api.testing.skill.GetOneSkillTests" time="0.235">
    <system-out><![CDATA[
The response is 200
{
    "skillId": 71,
    "skill": "Test Skill1697732135984",
    "category": {
        "id": 155,
        "name": "Window cleaner"
    }
}
The response is 200
]]></system-out>
  </testcase>
  <testcase name="updateSkill_Successful" classname="weare.api.testing.skill.UpdateSkillTests" time="0.274">
    <system-out><![CDATA[
The response is 200
{
    "skillId": 72,
    "skill": "Test Skill1697732136766",
    "category": {
        "id": 155,
        "name": "Window cleaner"
    }
}

The response is 200
]]></system-out>
  </testcase>
  <testcase name="getUserPosts_Successful" classname="weare.api.testing.users.GetProfilePostsTests" time="0.546">
    <system-out><![CDATA[
The response is 200
The response is 200
Post created with Id: 92
The response is 200
]]></system-out>
  </testcase>
  <testcase name="getUserById_Successful" classname="weare.api.testing.users.GetUserByIdTests" time="0.23">
    <failure message="Incorrect status code. expected [200] but found [404]" type="java.lang.AssertionError"><![CDATA[java.lang.AssertionError: Incorrect status code. expected [200] but found [404]
	at org.testng.Assert.fail(Assert.java:111)
	at org.testng.Assert.failNotEquals(Assert.java:1578)
	at org.testng.Assert.assertEqualsImpl(Assert.java:150)
	at org.testng.Assert.assertEquals(Assert.java:132)
	at org.testng.Assert.assertEquals(Assert.java:1419)
	at org.testng.Assert.assertEquals(Assert.java:1383)
	at base.BaseTestSetup.isResponse200(BaseTestSetup.java:52)
	at weare.api.testing.users.GetUserByIdTests.getUserById_Successful(GetUserByIdTests.java:27)
	at java.base/jdk.internal.reflect.NativeMethodAccessorImpl.invoke0(Native Method)
	at java.base/jdk.internal.reflect.NativeMethodAccessorImpl.invoke(NativeMethodAccessorImpl.java:62)
	at java.base/jdk.internal.reflect.DelegatingMethodAccessorImpl.invoke(DelegatingMethodAccessorImpl.java:43)
	at java.base/java.lang.reflect.Method.invoke(Method.java:566)
	at org.testng.internal.invokers.MethodInvocationHelper.invokeMethod(MethodInvocationHelper.java:139)
	at org.testng.internal.invokers.TestInvoker.invokeMethod(TestInvoker.java:664)
	at org.testng.internal.invokers.TestInvoker.invokeTestMethod(TestInvoker.java:227)
	at org.testng.internal.invokers.MethodRunner.runInSequence(MethodRunner.java:50)
	at org.testng.internal.invokers.TestInvoker$MethodInvocationAgent.invoke(TestInvoker.java:957)
	at org.testng.internal.invokers.TestInvoker.invokeTestMethods(TestInvoker.java:200)
	at org.testng.internal.invokers.TestMethodWorker.invokeTestMethods(TestMethodWorker.java:148)
	at org.testng.internal.invokers.TestMethodWorker.run(TestMethodWorker.java:128)
	at java.base/java.util.ArrayList.forEach(ArrayList.java:1541)
	at org.testng.TestRunner.privateRun(TestRunner.java:848)
	at org.testng.TestRunner.run(TestRunner.java:621)
	at org.testng.SuiteRunner.runTest(SuiteRunner.java:443)
	at org.testng.SuiteRunner.runSequentially(SuiteRunner.java:437)
	at org.testng.SuiteRunner.privateRun(SuiteRunner.java:397)
	at org.testng.SuiteRunner.run(SuiteRunner.java:336)
	at org.testng.SuiteRunnerWorker.runSuite(SuiteRunnerWorker.java:52)
	at org.testng.SuiteRunnerWorker.run(SuiteRunnerWorker.java:95)
	at org.testng.TestNG.runSuitesSequentially(TestNG.java:1280)
	at org.testng.TestNG.runSuitesLocally(TestNG.java:1200)
	at org.testng.TestNG.runSuites(TestNG.java:1114)
	at org.testng.TestNG.run(TestNG.java:1082)
	at org.apache.maven.surefire.testng.TestNGExecutor.run(TestNGExecutor.java:155)
	at org.apache.maven.surefire.testng.TestNGDirectoryTestSuite.executeMulti(TestNGDirectoryTestSuite.java:169)
	at org.apache.maven.surefire.testng.TestNGDirectoryTestSuite.execute(TestNGDirectoryTestSuite.java:88)
	at org.apache.maven.surefire.testng.TestNGProvider.invoke(TestNGProvider.java:137)
	at org.apache.maven.surefire.booter.ForkedBooter.runSuitesInProcess(ForkedBooter.java:385)
	at org.apache.maven.surefire.booter.ForkedBooter.execute(ForkedBooter.java:162)
	at org.apache.maven.surefire.booter.ForkedBooter.run(ForkedBooter.java:507)
	at org.apache.maven.surefire.booter.ForkedBooter.main(ForkedBooter.java:495)
]]></failure>
  </testcase>
  <testcase name="getUsers_Successful" classname="weare.api.testing.users.GetUsersTests" time="8.128">
    <system-out><![CDATA[The response is 200
]]></system-out>
  </testcase>
  <testcase name="UserRegistration_When_InputValidData" classname="weare.api.testing.users.RegisterUserTests" time="0.602">
    <system-out><![CDATA[User with name jEevEhi and id 100 was created
The response is 200
Registered successfully!
]]></system-out>
  </testcase>
  <testcase name="UserSuccessfullyUpdatesExpertise_When_ExpertiseChanged" classname="weare.api.testing.users.UpdateUserExpertiseTests" time="0.621">
    <failure message="Incorrect status code. expected [200] but found [500]" type="java.lang.AssertionError"><![CDATA[java.lang.AssertionError: Incorrect status code. expected [200] but found [500]
	at org.testng.Assert.fail(Assert.java:111)
	at org.testng.Assert.failNotEquals(Assert.java:1578)
	at org.testng.Assert.assertEqualsImpl(Assert.java:150)
	at org.testng.Assert.assertEquals(Assert.java:132)
	at org.testng.Assert.assertEquals(Assert.java:1419)
	at org.testng.Assert.assertEquals(Assert.java:1383)
	at base.BaseTestSetup.isResponse200(BaseTestSetup.java:52)
	at weare.api.testing.users.UpdateUserExpertiseTests.UserSuccessfullyUpdatesExpertise_When_ExpertiseChanged(UpdateUserExpertiseTests.java:33)
	at java.base/jdk.internal.reflect.NativeMethodAccessorImpl.invoke0(Native Method)
	at java.base/jdk.internal.reflect.NativeMethodAccessorImpl.invoke(NativeMethodAccessorImpl.java:62)
	at java.base/jdk.internal.reflect.DelegatingMethodAccessorImpl.invoke(DelegatingMethodAccessorImpl.java:43)
	at java.base/java.lang.reflect.Method.invoke(Method.java:566)
	at org.testng.internal.invokers.MethodInvocationHelper.invokeMethod(MethodInvocationHelper.java:139)
	at org.testng.internal.invokers.TestInvoker.invokeMethod(TestInvoker.java:664)
	at org.testng.internal.invokers.TestInvoker.invokeTestMethod(TestInvoker.java:227)
	at org.testng.internal.invokers.MethodRunner.runInSequence(MethodRunner.java:50)
	at org.testng.internal.invokers.TestInvoker$MethodInvocationAgent.invoke(TestInvoker.java:957)
	at org.testng.internal.invokers.TestInvoker.invokeTestMethods(TestInvoker.java:200)
	at org.testng.internal.invokers.TestMethodWorker.invokeTestMethods(TestMethodWorker.java:148)
	at org.testng.internal.invokers.TestMethodWorker.run(TestMethodWorker.java:128)
	at java.base/java.util.ArrayList.forEach(ArrayList.java:1541)
	at org.testng.TestRunner.privateRun(TestRunner.java:848)
	at org.testng.TestRunner.run(TestRunner.java:621)
	at org.testng.SuiteRunner.runTest(SuiteRunner.java:443)
	at org.testng.SuiteRunner.runSequentially(SuiteRunner.java:437)
	at org.testng.SuiteRunner.privateRun(SuiteRunner.java:397)
	at org.testng.SuiteRunner.run(SuiteRunner.java:336)
	at org.testng.SuiteRunnerWorker.runSuite(SuiteRunnerWorker.java:52)
	at org.testng.SuiteRunnerWorker.run(SuiteRunnerWorker.java:95)
	at org.testng.TestNG.runSuitesSequentially(TestNG.java:1280)
	at org.testng.TestNG.runSuitesLocally(TestNG.java:1200)
	at org.testng.TestNG.runSuites(TestNG.java:1114)
	at org.testng.TestNG.run(TestNG.java:1082)
	at org.apache.maven.surefire.testng.TestNGExecutor.run(TestNGExecutor.java:155)
	at org.apache.maven.surefire.testng.TestNGDirectoryTestSuite.executeMulti(TestNGDirectoryTestSuite.java:169)
	at org.apache.maven.surefire.testng.TestNGDirectoryTestSuite.execute(TestNGDirectoryTestSuite.java:88)
	at org.apache.maven.surefire.testng.TestNGProvider.invoke(TestNGProvider.java:137)
	at org.apache.maven.surefire.booter.ForkedBooter.runSuitesInProcess(ForkedBooter.java:385)
	at org.apache.maven.surefire.booter.ForkedBooter.execute(ForkedBooter.java:162)
	at org.apache.maven.surefire.booter.ForkedBooter.run(ForkedBooter.java:507)
	at org.apache.maven.surefire.booter.ForkedBooter.main(ForkedBooter.java:495)
]]></failure>
    <system-out><![CDATA[{"timestamp":"2023-10-19T16:15:48.970+0000","status":500,"error":"Internal Server Error","message":"No message available","path":"/api/users/auth/100/expertise"}
]]></system-out>
  </testcase>
</testsuite>